<?xml version="1.0" encoding="UTF-8"?>
<!-- Generated by org.testng.reporters.JUnitReportReporter -->
<testsuite hostname="DESKTOP-2NOPBE7" failures="0" tests="2" name="test.Uvod1" time="3.160" errors="0" timestamp="2020-04-02T15:24:46 CEST" skipped="0">
  <testcase classname="test.Uvod1" name="testGoogle" time="0.781"/>
  <system-out/>
  <testcase classname="test.Uvod1" name="testYoutube" time="2.379"/>
  <system-out/>
</testsuite> <!-- test.Uvod1 -->
